message number = 0, process id = 14165, time and date = 18:00:26 02/03/14
 Switched on high-priority job 0

message number = 1, process id = 14165, time and date = 18:00:27 02/03/14
 Switched off high-priority job 0

message number = 2, process id = 14165, time and date = 18:00:27 02/03/14
 Switched on high-priority job 1

message number = 3, process id = 14165, time and date = 18:00:28 02/03/14
 Switched off high-priority job 1

message number = 4, process id = 14165, time and date = 18:00:28 02/03/14
 Switched on high-priority job 2

message number = 5, process id = 14165, time and date = 18:00:29 02/03/14
 Switched off high-priority job 2

message number = 6, process id = 14165, time and date = 18:00:29 02/03/14
 Switched on high-priority job 3

message number = 7, process id = 14165, time and date = 18:00:30 02/03/14
 Switched off high-priority job 3

message number = 8, process id = 14165, time and date = 18:00:30 02/03/14
 Switched on high-priority job 4

message number = 9, process id = 14165, time and date = 18:00:31 02/03/14
 Switched off high-priority job 4

message number = 10, process id = 14165, time and date = 18:00:31 02/03/14
 Switched on high-priority job 0

message number = 11, process id = 14165, time and date = 18:00:32 02/03/14
 Switched off high-priority job 0

message number = 12, process id = 14165, time and date = 18:00:32 02/03/14
 Switched on high-priority job 1

message number = 13, process id = 14165, time and date = 18:00:33 02/03/14
 Switched off high-priority job 1

message number = 14, process id = 14165, time and date = 18:00:33 02/03/14
 Switched on high-priority job 2

message number = 15, process id = 14165, time and date = 18:00:34 02/03/14
 Switched off high-priority job 2

message number = 16, process id = 14165, time and date = 18:00:34 02/03/14
 Switched on high-priority job 3

message number = 17, process id = 14165, time and date = 18:00:35 02/03/14
 Switched off high-priority job 3

message number = 18, process id = 14165, time and date = 18:00:35 02/03/14
 Switched on high-priority job 4

message number = 19, process id = 14165, time and date = 18:00:35 02/03/14
 job 4 done

message number = 20, process id = 14165, time and date = 18:00:35 02/03/14
 Switched on medium-priority job 0

message number = 21, process id = 14165, time and date = 18:00:36 02/03/14
 Switched off medium-priority job 0

message number = 22, process id = 14165, time and date = 18:00:36 02/03/14
 Switched on medium-priority job 1

message number = 23, process id = 14165, time and date = 18:00:37 02/03/14
 Switched off medium-priority job 1

message number = 24, process id = 14165, time and date = 18:00:37 02/03/14
 Switched on medium-priority job 2

message number = 25, process id = 14165, time and date = 18:00:38 02/03/14
 Switched off medium-priority job 2

message number = 26, process id = 14165, time and date = 18:00:38 02/03/14
 Switched on medium-priority job 3

message number = 27, process id = 14165, time and date = 18:00:38 02/03/14
 job 3 done

message number = 28, process id = 14165, time and date = 18:00:38 02/03/14
 Switched on medium-priority job 0

message number = 29, process id = 14165, time and date = 18:00:39 02/03/14
 Switched off medium-priority job 0

message number = 30, process id = 14165, time and date = 18:00:39 02/03/14
 Switched on medium-priority job 1

message number = 31, process id = 14165, time and date = 18:00:40 02/03/14
 Switched off medium-priority job 1

message number = 32, process id = 14165, time and date = 18:00:40 02/03/14
 Switched on medium-priority job 2

message number = 33, process id = 14165, time and date = 18:00:41 02/03/14
 Switched off medium-priority job 2

message number = 34, process id = 14165, time and date = 18:00:41 02/03/14
 Switched on medium-priority job 0

message number = 35, process id = 14165, time and date = 18:00:42 02/03/14
 Switched off medium-priority job 0

message number = 36, process id = 14165, time and date = 18:00:42 02/03/14
 Switched on medium-priority job 1

message number = 37, process id = 14165, time and date = 18:00:43 02/03/14
 Switched off medium-priority job 1

message number = 38, process id = 14165, time and date = 18:00:43 02/03/14
 Switched on medium-priority job 2

message number = 39, process id = 14165, time and date = 18:00:44 02/03/14
 Switched off medium-priority job 2

message number = 40, process id = 14165, time and date = 18:00:44 02/03/14
 Switched on medium-priority job 0

message number = 41, process id = 14165, time and date = 18:00:44 02/03/14
 job 0 done

message number = 42, process id = 14165, time and date = 18:00:44 02/03/14
 Switched on medium-priority job 1

message number = 43, process id = 14165, time and date = 18:00:45 02/03/14
 job 1 done

message number = 44, process id = 14165, time and date = 18:00:45 02/03/14
 Switched on medium-priority job 2

message number = 45, process id = 14165, time and date = 18:00:46 02/03/14
 Switched off medium-priority job 2

message number = 46, process id = 14165, time and date = 18:00:46 02/03/14
 Switched on low-priority job 2

message number = 47, process id = 14165, time and date = 18:00:46 02/03/14
 job 2 done

message number = 48, process id = 14165, time and date = 18:00:46 02/03/14
 
All jobs done

